<?xml version="1.0" encoding="UTF-8" ?>
<testsuite tests="30" failures="0" name="pl.edu.pwr.pp.ImageConverterParametrizedTest" time="0.008" errors="0" skipped="0">
  <properties>
[...]
</properties>
  <testcase classname="pl.edu.pwr.pp.ImageConverterParametrizedTest" name="shouldReturnRightCharacterForIntensity[0]" time="0.006"/>
  <testcase classname="pl.edu.pwr.pp.ImageConverterParametrizedTest" name="shouldReturnRightCharacterForIntensity[1]" time="0"/>
  <testcase classname="pl.edu.pwr.pp.ImageConverterParametrizedTest" name="shouldReturnRightCharacterForIntensity[2]" time="0"/>
  <testcase classname="pl.edu.pwr.pp.ImageConverterParametrizedTest" name="shouldReturnRightCharacterForIntensity[3]" time="0"/>
  <testcase classname="pl.edu.pwr.pp.ImageConverterParametrizedTest" name="shouldReturnRightCharacterForIntensity[4]" time="0"/>
  <testcase classname="pl.edu.pwr.pp.ImageConverterParametrizedTest" name="shouldReturnRightCharacterForIntensity[5]" time="0"/>
  <testcase classname="pl.edu.pwr.pp.ImageConverterParametrizedTest" name="shouldReturnRightCharacterForIntensity[6]" time="0"/>
  <testcase classname="pl.edu.pwr.pp.ImageConverterParametrizedTest" name="shouldReturnRightCharacterForIntensity[7]" time="0"/>
  <testcase classname="pl.edu.pwr.pp.ImageConverterParametrizedTest" name="shouldReturnRightCharacterForIntensity[8]" time="0"/>
  <testcase classname="pl.edu.pwr.pp.ImageConverterParametrizedTest" name="shouldReturnRightCharacterForIntensity[9]" time="0"/>
  <testcase classname="pl.edu.pwr.pp.ImageConverterParametrizedTest" name="shouldReturnRightCharacterForIntensity[10]" time="0"/>
  <testcase classname="pl.edu.pwr.pp.ImageConverterParametrizedTest" name="shouldReturnRightCharacterForIntensity[11]" time="0"/>
  <testcase classname="pl.edu.pwr.pp.ImageConverterParametrizedTest" name="shouldReturnRightCharacterForIntensity[12]" time="0"/>
  <testcase classname="pl.edu.pwr.pp.ImageConverterParametrizedTest" name="shouldReturnRightCharacterForIntensity[13]" time="0"/>
  <testcase classname="pl.edu.pwr.pp.ImageConverterParametrizedTest" name="shouldReturnRightCharacterForIntensity[14]" time="0"/>
  <testcase classname="pl.edu.pwr.pp.ImageConverterParametrizedTest" name="shouldReturnRightCharacterForIntensity[15]" time="0.001"/>
  <testcase classname="pl.edu.pwr.pp.ImageConverterParametrizedTest" name="shouldReturnRightCharacterForIntensity[16]" time="0"/>
  <testcase classname="pl.edu.pwr.pp.ImageConverterParametrizedTest" name="shouldReturnRightCharacterForIntensity[17]" time="0"/>
  <testcase classname="pl.edu.pwr.pp.ImageConverterParametrizedTest" name="shouldReturnRightCharacterForIntensity[18]" time="0"/>
  <testcase classname="pl.edu.pwr.pp.ImageConverterParametrizedTest" name="shouldReturnRightCharacterForIntensity[19]" time="0"/>
  <testcase classname="pl.edu.pwr.pp.ImageConverterParametrizedTest" name="shouldReturnRightCharacterForIntensity[20]" time="0"/>
  <testcase classname="pl.edu.pwr.pp.ImageConverterParametrizedTest" name="shouldReturnRightCharacterForIntensity[21]" time="0"/>
  <testcase classname="pl.edu.pwr.pp.ImageConverterParametrizedTest" name="shouldReturnRightCharacterForIntensity[22]" time="0"/>
  <testcase classname="pl.edu.pwr.pp.ImageConverterParametrizedTest" name="shouldReturnRightCharacterForIntensity[23]" time="0"/>
  <testcase classname="pl.edu.pwr.pp.ImageConverterParametrizedTest" name="shouldReturnRightCharacterForIntensity[24]" time="0"/>
  <testcase classname="pl.edu.pwr.pp.ImageConverterParametrizedTest" name="shouldReturnRightCharacterForIntensity[25]" time="0"/>
  <testcase classname="pl.edu.pwr.pp.ImageConverterParametrizedTest" name="shouldReturnRightCharacterForIntensity[26]" time="0"/>
  <testcase classname="pl.edu.pwr.pp.ImageConverterParametrizedTest" name="shouldReturnRightCharacterForIntensity[27]" time="0"/>
  <testcase classname="pl.edu.pwr.pp.ImageConverterParametrizedTest" name="shouldReturnRightCharacterForIntensity[28]" time="0"/>
  <testcase classname="pl.edu.pwr.pp.ImageConverterParametrizedTest" name="shouldReturnRightCharacterForIntensity[29]" time="0.001"/>
</testsuite>